Debug output:

<
   ( | 
      [
         <
            ( | 
               [
                  <
                     ( | 
                        [
                           <
                              (erHomoC | 
                                 (0.280059993267)
                                 )
                               Leaf>
                           ;
                           <
                              (erCaelC | 
                                 (0.220890000463)
                                 )
                               Leaf>
                           ]
                         | 
                        <
                           (0.409979999065)
                            Some>
                        )
                      Interior>
                  ;
                  <
                     ( | 
                        [
                           <
                              (erHomoA | 
                                 (0.323040008545)
                                 )
                               Leaf>
                           ;
                           <
                              ( | 
                                 [
                                    <
                                       (erpCaelC | 
                                          (0.588150024414)
                                          )
                                        Leaf>
                                    ;
                                    <
                                       ( | 
                                          [
                                             <
                                                ( | 
                                                   [
                                                      <
                                                         (erHomoB | 
                                                            (0.580699980259)
                                                            )
                                                          Leaf>
                                                      ;
                                                      <
                                                         (erCaelB | 
                                                            (0.235689997673)
                                                            )
                                                          Leaf>
                                                      ]
                                                    | 
                                                   <
                                                      (0.0358599983156)
                                                       Some>
                                                   )
                                                 Interior>
                                             ;
                                             <
                                                (erCaelA | 
                                                   (0.382719993591)
                                                   )
                                                 Leaf>
                                             ]
                                           | 
                                          <
                                             (0.0651599988341)
                                              Some>
                                          )
                                        Interior>
                                    ]
                                  | 
                                 <
                                    (0.0349199995399)
                                     Some>
                                 )
                               Interior>
                           ]
                         | 
                        <
                           (0.1426499933)
                            Some>
                        )
                      Interior>
                  ]
                | 
               <
                  (0.635940015316)
                   Some>
               )
             Interior>
         ;
         <
            ( | 
               [
                  <
                     (TRXHomo | 
                        (0.658659994602)
                        )
                      Leaf>
                  ;
                  <
                     (TRXSacch | 
                        (0.38791000843)
                        )
                      Leaf>
                  ]
                | 
               <
                  (0.321469992399)
                   Some>
               )
             Interior>
         ;
         <
            (TRXEcoli | 
               (0.573360025883)
               )
             Leaf>
         ]
       | 
      < None>
      )
    Interior>
