Debug output:

[
   {
      (
         {2}
          | 
         <1309319123 Some>
          | 
         < None>
          | 5001 | 
         {
            (dns1 | abc.com)
            }
          | 
         {
            (dns2 | xyz.com)
            }
          | 
         <
            [
               (c | slow link)
               ;
               (w | lost packets)
               ]
             Generic>
          | 
         < INTERNATIONAL>
         )
      }
   ;
   {
      (
         {3}
          | 
         < None>
          | 
         <1309320811 Some>
          | 5074 | 
         {
            (dns1 | bob.com)
            }
          | 
         {
            (dns2 | alice.com)
            }
          | 
         <
            (
               {
                  (src_addr | 192.168.0.10)
                  }
                | 
               {
                  (dst_addr | 192.168.23.10)
                  }
                | 
               {
                  (start_time | 1309321023)
                  }
                | 
               {
                  (end_time | 1309321094)
                  }
                | 
               {
                  (cycle_time | 17412)
                  }
               )
             Details>
          | 
         < SPECIAL>
         )
      }
   ]
